2024-11-08 00:33:28,078 - INFO - got to scrape_source
2024-11-08 00:33:36,351 - INFO - got some article elements 7
2024-11-08 00:33:36,392 - INFO - got title
2024-11-08 00:33:36,403 - INFO - got date
2024-11-08 00:33:36,423 - INFO - got link
2024-11-08 00:33:36,433 - INFO - got title
2024-11-08 00:33:36,457 - INFO - got date
2024-11-08 00:33:36,464 - INFO - got link
2024-11-08 00:33:36,488 - INFO - got title
2024-11-08 00:33:36,497 - INFO - got date
2024-11-08 00:33:36,520 - INFO - got link
2024-11-08 00:33:36,528 - INFO - got title
2024-11-08 00:33:36,550 - INFO - got date
2024-11-08 00:33:36,556 - INFO - got link
2024-11-08 00:33:36,565 - INFO - got title
2024-11-08 00:33:36,588 - INFO - got date
2024-11-08 00:33:36,595 - INFO - got link
2024-11-08 00:33:36,608 - INFO - got title
2024-11-08 00:33:36,617 - INFO - got date
2024-11-08 00:33:36,626 - INFO - got link
2024-11-08 00:33:36,633 - INFO - got title
2024-11-08 00:33:36,645 - INFO - got date
2024-11-08 00:33:36,654 - INFO - got link
2024-11-08 00:33:36,654 - INFO - got to scrape_source
2024-11-08 00:33:50,274 - WARNING - Timeout waiting for articles on digi24
2024-11-08 00:33:50,275 - INFO - got to scrape_source
2024-11-08 00:33:56,448 - INFO - got some article elements 10
2024-11-08 00:33:56,465 - INFO - got title
2024-11-08 00:33:56,481 - INFO - got date
2024-11-08 00:33:56,494 - INFO - got link
2024-11-08 00:33:56,510 - INFO - got title
2024-11-08 00:33:56,526 - INFO - got date
2024-11-08 00:33:56,539 - INFO - got link
2024-11-08 00:33:56,555 - INFO - got title
2024-11-08 00:33:56,571 - INFO - got date
2024-11-08 00:33:56,583 - INFO - got link
2024-11-08 00:33:56,599 - INFO - got title
2024-11-08 00:33:56,615 - INFO - got date
2024-11-08 00:33:56,627 - INFO - got link
2024-11-08 00:33:56,643 - INFO - got title
2024-11-08 00:33:56,659 - INFO - got date
2024-11-08 00:33:56,670 - INFO - got link
2024-11-08 00:33:56,687 - INFO - got title
2024-11-08 00:33:56,703 - INFO - got date
2024-11-08 00:33:56,713 - INFO - got link
2024-11-08 00:33:56,727 - INFO - got title
2024-11-08 00:33:56,748 - INFO - got date
2024-11-08 00:33:56,766 - INFO - got link
2024-11-08 00:33:56,784 - INFO - got title
2024-11-08 00:33:56,798 - INFO - got date
2024-11-08 00:33:56,807 - INFO - got link
2024-11-08 00:33:56,819 - INFO - got title
2024-11-08 00:33:56,829 - INFO - got date
2024-11-08 00:33:56,837 - INFO - got link
2024-11-08 00:33:56,846 - INFO - got title
2024-11-08 00:33:56,858 - INFO - got date
2024-11-08 00:33:56,868 - INFO - got link
2024-11-08 00:33:56,868 - INFO - got to scrape_source
2024-11-08 00:34:03,340 - INFO - got some article elements 1
2024-11-08 00:34:03,357 - INFO - got title
2024-11-08 00:34:03,373 - INFO - got date
2024-11-08 00:34:03,386 - INFO - got link
2024-11-08 00:34:03,386 - INFO - got to scrape_source
2024-11-08 00:34:10,650 - INFO - got some article elements 10
2024-11-08 00:34:10,666 - INFO - got title
2024-11-08 00:34:10,684 - INFO - got date
2024-11-08 00:34:10,696 - INFO - got link
2024-11-08 00:34:10,712 - INFO - got title
2024-11-08 00:34:10,728 - INFO - got date
2024-11-08 00:34:10,739 - INFO - got link
2024-11-08 00:34:10,755 - INFO - got title
2024-11-08 00:34:10,771 - INFO - got date
2024-11-08 00:34:10,783 - INFO - got link
2024-11-08 00:34:10,799 - INFO - got title
2024-11-08 00:34:10,815 - INFO - got date
2024-11-08 00:34:10,826 - INFO - got link
2024-11-08 00:34:10,842 - INFO - got title
2024-11-08 00:34:10,858 - INFO - got date
2024-11-08 00:34:10,870 - INFO - got link
2024-11-08 00:34:10,887 - INFO - got title
2024-11-08 00:34:10,903 - INFO - got date
2024-11-08 00:34:10,914 - INFO - got link
2024-11-08 00:34:10,930 - INFO - got title
2024-11-08 00:34:10,946 - INFO - got date
2024-11-08 00:34:10,958 - INFO - got link
2024-11-08 00:34:10,973 - INFO - got title
2024-11-08 00:34:10,989 - INFO - got date
2024-11-08 00:34:11,001 - INFO - got link
2024-11-08 00:34:11,017 - INFO - got title
2024-11-08 00:34:11,033 - INFO - got date
2024-11-08 00:34:11,044 - INFO - got link
2024-11-08 00:34:11,059 - INFO - got title
2024-11-08 00:34:11,073 - INFO - got date
2024-11-08 00:34:11,081 - INFO - got link
2024-11-08 00:34:11,081 - INFO - got to scrape_source
2024-11-08 00:34:18,241 - INFO - got some article elements 10
2024-11-08 00:34:18,258 - INFO - got title
2024-11-08 00:34:18,275 - INFO - got date
2024-11-08 00:34:18,287 - INFO - got link
2024-11-08 00:34:18,303 - INFO - got title
2024-11-08 00:34:18,319 - INFO - got date
2024-11-08 00:34:18,332 - INFO - got link
2024-11-08 00:34:18,348 - INFO - got title
2024-11-08 00:34:18,364 - INFO - got date
2024-11-08 00:34:18,376 - INFO - got link
2024-11-08 00:34:18,392 - INFO - got title
2024-11-08 00:34:18,408 - INFO - got date
2024-11-08 00:34:18,420 - INFO - got link
2024-11-08 00:34:18,436 - INFO - got title
2024-11-08 00:34:18,452 - INFO - got date
2024-11-08 00:34:18,464 - INFO - got link
2024-11-08 00:34:18,480 - INFO - got title
2024-11-08 00:34:18,495 - INFO - got date
2024-11-08 00:34:18,507 - INFO - got link
2024-11-08 00:34:18,524 - INFO - got title
2024-11-08 00:34:18,540 - INFO - got date
2024-11-08 00:34:18,552 - INFO - got link
2024-11-08 00:34:18,568 - INFO - got title
2024-11-08 00:34:18,584 - INFO - got date
2024-11-08 00:34:18,595 - INFO - got link
2024-11-08 00:34:18,611 - INFO - got title
2024-11-08 00:34:18,627 - INFO - got date
2024-11-08 00:34:18,638 - INFO - got link
2024-11-08 00:34:18,654 - INFO - got title
2024-11-08 00:34:18,670 - INFO - got date
2024-11-08 00:34:18,682 - INFO - got link
2024-11-08 00:34:18,682 - INFO - got to scrape_source
2024-11-08 00:34:24,755 - INFO - got some article elements 10
2024-11-08 00:34:24,772 - INFO - got title
2024-11-08 00:34:24,788 - INFO - got date
2024-11-08 00:34:24,800 - INFO - got link
2024-11-08 00:34:24,816 - INFO - got title
2024-11-08 00:34:24,832 - INFO - got date
2024-11-08 00:34:24,844 - INFO - got link
2024-11-08 00:34:24,860 - INFO - got title
2024-11-08 00:34:24,875 - INFO - got date
2024-11-08 00:34:24,888 - INFO - got link
2024-11-08 00:34:24,904 - INFO - got title
2024-11-08 00:34:24,920 - INFO - got date
2024-11-08 00:34:24,932 - INFO - got link
2024-11-08 00:34:24,949 - INFO - got title
2024-11-08 00:34:24,965 - INFO - got date
2024-11-08 00:34:24,977 - INFO - got link
2024-11-08 00:34:24,993 - INFO - got title
2024-11-08 00:34:25,008 - INFO - got date
2024-11-08 00:34:25,020 - INFO - got link
2024-11-08 00:34:25,036 - INFO - got title
2024-11-08 00:34:25,051 - INFO - got date
2024-11-08 00:34:25,063 - INFO - got link
2024-11-08 00:34:25,079 - INFO - got title
2024-11-08 00:34:25,095 - INFO - got date
2024-11-08 00:34:25,107 - INFO - got link
2024-11-08 00:34:25,122 - INFO - got title
2024-11-08 00:34:25,138 - INFO - got date
2024-11-08 00:34:25,149 - INFO - got link
2024-11-08 00:34:25,164 - INFO - got title
2024-11-08 00:34:25,180 - INFO - got date
2024-11-08 00:34:25,193 - INFO - got link
2024-11-08 00:34:25,193 - INFO - got to scrape_source
2024-11-08 00:34:32,553 - INFO - got some article elements 2
2024-11-08 00:34:32,571 - INFO - got title
2024-11-08 00:34:32,587 - INFO - got date
2024-11-08 00:34:32,600 - INFO - got link
2024-11-08 00:34:32,616 - INFO - got title
2024-11-08 00:34:32,632 - INFO - got date
2024-11-08 00:34:32,644 - INFO - got link
2024-11-08 00:40:38,865 - INFO - got to scrape_source
2024-11-08 00:40:46,535 - INFO - got some article elements 7
2024-11-08 00:40:46,547 - INFO - got title
2024-11-08 00:40:46,564 - INFO - got date
2024-11-08 00:40:46,574 - INFO - got link
2024-11-08 00:40:46,582 - INFO - got title
2024-11-08 00:40:46,592 - INFO - got date
2024-11-08 00:40:46,600 - INFO - got link
2024-11-08 00:40:46,610 - INFO - got title
2024-11-08 00:40:46,621 - INFO - got date
2024-11-08 00:40:46,629 - INFO - got link
2024-11-08 00:40:46,637 - INFO - got title
2024-11-08 00:40:46,645 - INFO - got date
2024-11-08 00:40:46,652 - INFO - got link
2024-11-08 00:40:46,662 - INFO - got title
2024-11-08 00:40:46,672 - INFO - got date
2024-11-08 00:40:46,682 - INFO - got link
2024-11-08 00:40:46,694 - INFO - got title
2024-11-08 00:40:46,702 - INFO - got date
2024-11-08 00:40:46,711 - INFO - got link
2024-11-08 00:40:46,719 - INFO - got title
2024-11-08 00:40:46,728 - INFO - got date
2024-11-08 00:40:46,735 - INFO - got link
2024-11-08 00:40:46,735 - INFO - got to scrape_source
2024-11-08 00:40:59,058 - WARNING - Timeout waiting for articles on digi24
2024-11-08 00:40:59,058 - INFO - got to scrape_source
2024-11-08 00:41:06,048 - INFO - got some article elements 10
2024-11-08 00:41:06,065 - INFO - got title
2024-11-08 00:41:06,075 - INFO - got date
2024-11-08 00:41:06,083 - INFO - got link
2024-11-08 00:41:06,096 - INFO - got title
2024-11-08 00:41:06,109 - INFO - got date
2024-11-08 00:41:06,117 - INFO - got link
2024-11-08 00:41:06,127 - INFO - got title
2024-11-08 00:41:06,135 - INFO - got date
2024-11-08 00:41:06,142 - INFO - got link
2024-11-08 00:41:06,150 - INFO - got title
2024-11-08 00:41:06,159 - INFO - got date
2024-11-08 00:41:06,167 - INFO - got link
2024-11-08 00:41:06,176 - INFO - got title
2024-11-08 00:41:06,184 - INFO - got date
2024-11-08 00:41:06,193 - INFO - got link
2024-11-08 00:41:06,207 - INFO - got title
2024-11-08 00:41:06,215 - INFO - got date
2024-11-08 00:41:06,223 - INFO - got link
2024-11-08 00:41:06,231 - INFO - got title
2024-11-08 00:41:06,241 - INFO - got date
2024-11-08 00:41:06,247 - INFO - got link
2024-11-08 00:41:06,254 - INFO - got title
2024-11-08 00:41:06,264 - INFO - got date
2024-11-08 00:41:06,273 - INFO - got link
2024-11-08 00:41:06,281 - INFO - got title
2024-11-08 00:41:06,291 - INFO - got date
2024-11-08 00:41:06,298 - INFO - got link
2024-11-08 00:41:06,305 - INFO - got title
2024-11-08 00:41:06,314 - INFO - got date
2024-11-08 00:41:06,321 - INFO - got link
2024-11-08 00:41:06,321 - INFO - got to scrape_source
2024-11-08 00:41:13,345 - INFO - got some article elements 1
2024-11-08 00:41:13,355 - INFO - got title
2024-11-08 00:41:13,363 - INFO - got date
2024-11-08 00:41:13,371 - INFO - got link
2024-11-08 00:41:13,371 - INFO - got to scrape_source
2024-11-08 00:41:20,804 - INFO - got some article elements 10
2024-11-08 00:41:20,814 - INFO - got title
2024-11-08 00:41:20,836 - INFO - got date
2024-11-08 00:41:20,846 - INFO - got link
2024-11-08 00:41:20,854 - INFO - got title
2024-11-08 00:41:20,865 - INFO - got date
2024-11-08 00:41:20,872 - INFO - got link
2024-11-08 00:41:20,880 - INFO - got title
2024-11-08 00:41:20,888 - INFO - got date
2024-11-08 00:41:20,895 - INFO - got link
2024-11-08 00:41:20,904 - INFO - got title
2024-11-08 00:41:20,913 - INFO - got date
2024-11-08 00:41:20,919 - INFO - got link
2024-11-08 00:41:20,928 - INFO - got title
2024-11-08 00:41:20,937 - INFO - got date
2024-11-08 00:41:20,945 - INFO - got link
2024-11-08 00:41:20,954 - INFO - got title
2024-11-08 00:41:20,963 - INFO - got date
2024-11-08 00:41:20,969 - INFO - got link
2024-11-08 00:41:20,979 - INFO - got title
2024-11-08 00:41:20,987 - INFO - got date
2024-11-08 00:41:20,994 - INFO - got link
2024-11-08 00:41:21,004 - INFO - got title
2024-11-08 00:41:21,012 - INFO - got date
2024-11-08 00:41:21,020 - INFO - got link
2024-11-08 00:41:21,029 - INFO - got title
2024-11-08 00:41:21,037 - INFO - got date
2024-11-08 00:41:21,044 - INFO - got link
2024-11-08 00:41:21,053 - INFO - got title
2024-11-08 00:41:21,064 - INFO - got date
2024-11-08 00:41:21,070 - INFO - got link
2024-11-08 00:41:21,071 - INFO - got to scrape_source
2024-11-08 00:41:27,240 - INFO - got some article elements 10
2024-11-08 00:41:27,250 - INFO - got title
2024-11-08 00:41:27,260 - INFO - got date
2024-11-08 00:41:27,268 - INFO - got link
2024-11-08 00:41:27,277 - INFO - got title
2024-11-08 00:41:27,284 - INFO - got date
2024-11-08 00:41:27,292 - INFO - got link
2024-11-08 00:41:27,306 - INFO - got title
2024-11-08 00:41:27,320 - INFO - got date
2024-11-08 00:41:27,327 - INFO - got link
2024-11-08 00:41:27,337 - INFO - got title
2024-11-08 00:41:27,346 - INFO - got date
2024-11-08 00:41:27,353 - INFO - got link
2024-11-08 00:41:27,366 - INFO - got title
2024-11-08 00:41:27,381 - INFO - got date
2024-11-08 00:41:27,389 - INFO - got link
2024-11-08 00:41:27,398 - INFO - got title
2024-11-08 00:41:27,407 - INFO - got date
2024-11-08 00:41:27,413 - INFO - got link
2024-11-08 00:41:27,423 - INFO - got title
2024-11-08 00:41:27,430 - INFO - got date
2024-11-08 00:41:27,440 - INFO - got link
2024-11-08 00:41:27,448 - INFO - got title
2024-11-08 00:41:27,458 - INFO - got date
2024-11-08 00:41:27,465 - INFO - got link
2024-11-08 00:41:27,473 - INFO - got title
2024-11-08 00:41:27,481 - INFO - got date
2024-11-08 00:41:27,488 - INFO - got link
2024-11-08 00:41:27,497 - INFO - got title
2024-11-08 00:41:27,509 - INFO - got date
2024-11-08 00:41:27,517 - INFO - got link
2024-11-08 00:41:27,517 - INFO - got to scrape_source
2024-11-08 00:41:33,887 - INFO - got some article elements 10
2024-11-08 00:41:33,896 - INFO - got title
2024-11-08 00:41:33,910 - INFO - got date
2024-11-08 00:41:33,920 - INFO - got link
2024-11-08 00:41:33,928 - INFO - got title
2024-11-08 00:41:33,937 - INFO - got date
2024-11-08 00:41:33,943 - INFO - got link
2024-11-08 00:41:33,954 - INFO - got title
2024-11-08 00:41:33,966 - INFO - got date
2024-11-08 00:41:33,976 - INFO - got link
2024-11-08 00:41:33,987 - INFO - got title
2024-11-08 00:41:33,995 - INFO - got date
2024-11-08 00:41:34,003 - INFO - got link
2024-11-08 00:41:34,012 - INFO - got title
2024-11-08 00:41:34,021 - INFO - got date
2024-11-08 00:41:34,027 - INFO - got link
2024-11-08 00:41:34,035 - INFO - got title
2024-11-08 00:41:34,043 - INFO - got date
2024-11-08 00:41:34,050 - INFO - got link
2024-11-08 00:41:34,059 - INFO - got title
2024-11-08 00:41:34,067 - INFO - got date
2024-11-08 00:41:34,074 - INFO - got link
2024-11-08 00:41:34,082 - INFO - got title
2024-11-08 00:41:34,091 - INFO - got date
2024-11-08 00:41:34,098 - INFO - got link
2024-11-08 00:41:34,107 - INFO - got title
2024-11-08 00:41:34,116 - INFO - got date
2024-11-08 00:41:34,125 - INFO - got link
2024-11-08 00:41:34,135 - INFO - got title
2024-11-08 00:41:34,144 - INFO - got date
2024-11-08 00:41:34,154 - INFO - got link
2024-11-08 00:41:34,154 - INFO - got to scrape_source
2024-11-08 00:41:40,004 - INFO - got some article elements 2
2024-11-08 00:41:40,019 - INFO - got title
2024-11-08 00:41:40,033 - INFO - got date
2024-11-08 00:41:40,045 - INFO - got link
2024-11-08 00:41:40,056 - INFO - got title
2024-11-08 00:41:40,065 - INFO - got date
2024-11-08 00:41:40,071 - INFO - got link
2024-11-08 00:44:17,528 - INFO - got to scrape_source
2024-11-08 00:44:17,528 - INFO - got to scrape_source
2024-11-08 00:44:17,529 - INFO - got to scrape_source
2024-11-08 00:44:26,578 - INFO - got some article elements 10
2024-11-08 00:44:26,593 - INFO - got title
2024-11-08 00:44:26,603 - INFO - got date
2024-11-08 00:44:26,613 - INFO - got link
2024-11-08 00:44:26,625 - INFO - got title
2024-11-08 00:44:26,633 - INFO - got date
2024-11-08 00:44:26,640 - INFO - got link
2024-11-08 00:44:26,648 - INFO - got title
2024-11-08 00:44:26,658 - INFO - got date
2024-11-08 00:44:26,664 - INFO - got link
2024-11-08 00:44:26,673 - INFO - got title
2024-11-08 00:44:26,681 - INFO - got date
2024-11-08 00:44:26,689 - INFO - got link
2024-11-08 00:44:26,697 - INFO - got title
2024-11-08 00:44:26,706 - INFO - got date
2024-11-08 00:44:26,712 - INFO - got link
2024-11-08 00:44:26,722 - INFO - got title
2024-11-08 00:44:26,730 - INFO - got date
2024-11-08 00:44:26,737 - INFO - got link
2024-11-08 00:44:26,745 - INFO - got title
2024-11-08 00:44:26,755 - INFO - got date
2024-11-08 00:44:26,762 - INFO - got link
2024-11-08 00:44:26,774 - INFO - got title
2024-11-08 00:44:26,784 - INFO - got date
2024-11-08 00:44:26,790 - INFO - got link
2024-11-08 00:44:26,798 - INFO - got title
2024-11-08 00:44:26,808 - INFO - got date
2024-11-08 00:44:26,814 - INFO - got link
2024-11-08 00:44:26,822 - INFO - got title
2024-11-08 00:44:26,830 - INFO - got date
2024-11-08 00:44:26,838 - INFO - got link
2024-11-08 00:44:26,839 - INFO - got to scrape_source
2024-11-08 00:44:27,212 - INFO - got some article elements 7
2024-11-08 00:44:27,242 - INFO - got title
2024-11-08 00:44:27,269 - INFO - got date
2024-11-08 00:44:27,280 - INFO - got link
2024-11-08 00:44:27,293 - INFO - got title
2024-11-08 00:44:27,303 - INFO - got date
2024-11-08 00:44:27,310 - INFO - got link
2024-11-08 00:44:27,321 - INFO - got title
2024-11-08 00:44:27,332 - INFO - got date
2024-11-08 00:44:27,340 - INFO - got link
2024-11-08 00:44:27,349 - INFO - got title
2024-11-08 00:44:27,367 - INFO - got date
2024-11-08 00:44:27,380 - INFO - got link
2024-11-08 00:44:27,392 - INFO - got title
2024-11-08 00:44:27,403 - INFO - got date
2024-11-08 00:44:27,410 - INFO - got link
2024-11-08 00:44:27,420 - INFO - got title
2024-11-08 00:44:27,429 - INFO - got date
2024-11-08 00:44:27,439 - INFO - got link
2024-11-08 00:44:27,447 - INFO - got title
2024-11-08 00:44:27,458 - INFO - got date
2024-11-08 00:44:27,464 - INFO - got link
2024-11-08 00:44:27,465 - INFO - got to scrape_source
2024-11-08 00:44:34,132 - INFO - got some article elements 10
2024-11-08 00:44:34,150 - INFO - got title
2024-11-08 00:44:34,166 - INFO - got date
2024-11-08 00:44:34,179 - INFO - got link
2024-11-08 00:44:34,195 - INFO - got title
2024-11-08 00:44:34,204 - INFO - got some article elements 1
2024-11-08 00:44:34,208 - INFO - got date
2024-11-08 00:44:34,216 - INFO - got title
2024-11-08 00:44:34,219 - INFO - got link
2024-11-08 00:44:34,227 - INFO - got date
2024-11-08 00:44:34,231 - INFO - got title
2024-11-08 00:44:34,236 - INFO - got link
2024-11-08 00:44:34,236 - INFO - got to scrape_source
2024-11-08 00:44:34,240 - INFO - got date
2024-11-08 00:44:34,248 - INFO - got link
2024-11-08 00:44:34,259 - INFO - got title
2024-11-08 00:44:34,277 - INFO - got date
2024-11-08 00:44:34,288 - INFO - got link
2024-11-08 00:44:34,297 - INFO - got title
2024-11-08 00:44:34,306 - INFO - got date
2024-11-08 00:44:34,320 - INFO - got link
2024-11-08 00:44:34,342 - INFO - got title
2024-11-08 00:44:34,356 - INFO - got date
2024-11-08 00:44:34,363 - INFO - got link
2024-11-08 00:44:34,375 - INFO - got title
2024-11-08 00:44:34,385 - INFO - got date
2024-11-08 00:44:34,394 - INFO - got link
2024-11-08 00:44:34,406 - INFO - got title
2024-11-08 00:44:34,414 - INFO - got date
2024-11-08 00:44:34,424 - INFO - got link
2024-11-08 00:44:34,436 - INFO - got title
2024-11-08 00:44:34,444 - INFO - got date
2024-11-08 00:44:34,451 - INFO - got link
2024-11-08 00:44:34,463 - INFO - got title
2024-11-08 00:44:34,476 - INFO - got date
2024-11-08 00:44:34,484 - INFO - got link
2024-11-08 00:44:34,484 - INFO - got to scrape_source
2024-11-08 00:44:38,583 - WARNING - Timeout waiting for articles on digi24
2024-11-08 00:44:38,583 - INFO - got to scrape_source
2024-11-08 00:44:41,535 - INFO - got some article elements 10
2024-11-08 00:44:41,553 - INFO - got title
2024-11-08 00:44:41,568 - INFO - got date
2024-11-08 00:44:41,580 - INFO - got link
2024-11-08 00:44:41,597 - INFO - got title
2024-11-08 00:44:41,613 - INFO - got date
2024-11-08 00:44:41,625 - INFO - got link
2024-11-08 00:44:41,634 - INFO - got title
2024-11-08 00:44:41,646 - INFO - got date
2024-11-08 00:44:41,658 - INFO - got link
2024-11-08 00:44:41,670 - INFO - got title
2024-11-08 00:44:41,681 - INFO - got date
2024-11-08 00:44:41,691 - INFO - got link
2024-11-08 00:44:41,706 - INFO - got title
2024-11-08 00:44:41,722 - INFO - got date
2024-11-08 00:44:41,732 - INFO - got link
2024-11-08 00:44:41,741 - INFO - got title
2024-11-08 00:44:41,751 - INFO - got date
2024-11-08 00:44:41,761 - INFO - got link
2024-11-08 00:44:41,771 - INFO - got title
2024-11-08 00:44:41,780 - INFO - got date
2024-11-08 00:44:41,788 - INFO - got link
2024-11-08 00:44:41,796 - INFO - got title
2024-11-08 00:44:41,805 - INFO - got date
2024-11-08 00:44:41,814 - INFO - got link
2024-11-08 00:44:41,828 - INFO - got title
2024-11-08 00:44:41,842 - INFO - got date
2024-11-08 00:44:41,853 - INFO - got link
2024-11-08 00:44:41,863 - INFO - got title
2024-11-08 00:44:41,871 - INFO - got date
2024-11-08 00:44:41,881 - INFO - got link
2024-11-08 00:44:42,421 - INFO - got some article elements 10
2024-11-08 00:44:42,438 - INFO - got title
2024-11-08 00:44:42,455 - INFO - got date
2024-11-08 00:44:42,468 - INFO - got link
2024-11-08 00:44:42,484 - INFO - got title
2024-11-08 00:44:42,501 - INFO - got date
2024-11-08 00:44:42,513 - INFO - got link
2024-11-08 00:44:42,532 - INFO - got title
2024-11-08 00:44:42,544 - INFO - got date
2024-11-08 00:44:42,555 - INFO - got link
2024-11-08 00:44:42,569 - INFO - got title
2024-11-08 00:44:42,579 - INFO - got date
2024-11-08 00:44:42,588 - INFO - got link
2024-11-08 00:44:42,596 - INFO - got title
2024-11-08 00:44:42,605 - INFO - got date
2024-11-08 00:44:42,612 - INFO - got link
2024-11-08 00:44:42,626 - INFO - got title
2024-11-08 00:44:42,641 - INFO - got date
2024-11-08 00:44:42,654 - INFO - got link
2024-11-08 00:44:42,671 - INFO - got title
2024-11-08 00:44:42,687 - INFO - got date
2024-11-08 00:44:42,698 - INFO - got link
2024-11-08 00:44:42,712 - INFO - got title
2024-11-08 00:44:42,727 - INFO - got date
2024-11-08 00:44:42,738 - INFO - got link
2024-11-08 00:44:42,747 - INFO - got title
2024-11-08 00:44:42,756 - INFO - got date
2024-11-08 00:44:42,764 - INFO - got link
2024-11-08 00:44:42,772 - INFO - got title
2024-11-08 00:44:42,787 - INFO - got date
2024-11-08 00:44:42,799 - INFO - got link
2024-11-08 00:44:45,092 - INFO - got some article elements 2
2024-11-08 00:44:45,103 - INFO - got title
2024-11-08 00:44:45,119 - INFO - got date
2024-11-08 00:44:45,130 - INFO - got link
2024-11-08 00:44:45,143 - INFO - got title
2024-11-08 00:44:45,163 - INFO - got date
2024-11-08 00:44:45,171 - INFO - got link
